Arguments: 
  /Users/johnny/.nvm/versions/node/v10.16.0/bin/node /Users/johnny/.yarn/bin/yarn.js init

PATH: 
  /usr/local/opt/mysql-client/bin:/Users/johnny/.autojump/bin:./node_modules/.bin:/Users/johnny/.yarn/bin:/Users/johnny/.config/yarn/global/node_modules/.bin:/Users/johnny/.nvm/versions/node/v10.16.0/bin:/Users/johnny/.rbenv/shims:/usr/local/bin:/usr/bin:/bin:/usr/sbin:/sbin:/opt/X11/bin:/usr/local/opt/mysql-client/bin:/Users/johnny/.autojump/bin:./node_modules/.bin:/Users/johnny/.yarn/bin:/Users/johnny/.config/yarn/global/node_modules/.bin:/Users/johnny/.rbenv/shims:/Users/johnny/Library/Android/sdk/emulator:/Users/johnny/Library/Android/sdk/tools:/Users/johnny/Library/Android/sdk/tools/bin:/Users/johnny/Library/Android/sdk/platform-tools:/Users/johnny/Workspace/flutter/bin:/usr/local/opt/fzf/bin:/Users/johnny/Library/Android/sdk/emulator:/Users/johnny/Library/Android/sdk/tools:/Users/johnny/Library/Android/sdk/tools/bin:/Users/johnny/Library/Android/sdk/platform-tools:/Users/johnny/Workspace/flutter/bin

Yarn version: 
  1.19.0

Node version: 
  10.16.0

Platform: 
  darwin x64

Trace: 
  Error: canceled
      at Interface.<anonymous> (/Users/johnny/.yarn/lib/cli.js:136799:13)
      at Interface.emit (events.js:198:13)
      at Interface._ttyWrite (readline.js:801:16)
      at ReadStream.onkeypress (readline.js:184:10)
      at ReadStream.emit (events.js:198:13)
      at emitKeys (internal/readline.js:424:14)
      at emitKeys.next (<anonymous>)
      at ReadStream.onData (readline.js:1075:36)
      at ReadStream.emit (events.js:198:13)
      at addChunk (_stream_readable.js:288:12)

npm manifest: 
  No manifest

yarn manifest: 
  No manifest

Lockfile: 
  No lockfile
